<?xml version="1.0" encoding="UTF-8"?>
<testsuite xmlns:xsi="http://www.w3.org/2001/XMLSchema-instance" xsi:noNamespaceSchemaLocation="https://maven.apache.org/surefire/maven-surefire-plugin/xsd/surefire-test-report.xsd" name="io.lakefs.clients.api.model.BranchProtectionRuleTest" time="0.005" tests="2" errors="0" skipped="0" failures="0">
  <properties>
[...]
</properties>
  <testcase name="patternTest" classname="io.lakefs.clients.api.model.BranchProtectionRuleTest" time="0"/>
  <testcase name="testBranchProtectionRule" classname="io.lakefs.clients.api.model.BranchProtectionRuleTest" time="0.001"/>
</testsuite>